<?xml version="1.0" encoding="UTF-8" ?>
<testsuite tests="8" failures="0" name="FlowClassTest" time="0.527" errors="0" skipped="0">
  <properties>
[...]
</properties>
  <testcase classname="FlowClassTest" name="FlowClassTest.testGiven1ThenIsIntCalledOnce" time="0.523"/>
  <testcase classname="FlowClassTest" name="FlowClassTest.testGiven1giveMeFizzBuzzCalledOnce" time="0"/>
  <testcase classname="FlowClassTest" name="FlowClassTest.testGivenAnIntegerNotBetween0and300FizzBuzzNotCalled" time="0.001"/>
  <testcase classname="FlowClassTest" name="FlowClassTest.testGivenANonIntegerStringThenIntegerCheckCalledOnce" time="0.001"/>
  <testcase classname="FlowClassTest" name="FlowClassTest.testGivenANonIntegerStringThenInputValidatorNotCalled" time="0"/>
  <testcase classname="FlowClassTest" name="FlowClassTest.testGivenANonIntegerStringThenFizzBuzzNotCalled" time="0"/>
  <testcase classname="FlowClassTest" name="FlowClassTest.testGivenAnIntegerNotBetween0and300ValidatorCalled" time="0.001"/>
  <testcase classname="FlowClassTest" name="FlowClassTest.testGiven1ThenFizBuzzValidatorCalledOnce" time="0.001"/>
</testsuite>